"G:/EpicGamesLibrary/Unreal Projects/Game/Content/Saves/Enum_GraphicsSettings.uasset" 0
"G:/EpicGamesLibrary/Unreal Projects/Game/Content/Materials/MPC_Cubes.uasset" 1
"G:/EpicGamesLibrary/Unreal Projects/Game/Content/Materials/M_Master.uasset" 2
"G:/EpicGamesLibrary/Unreal Projects/Game/Content/Materials/Classic/Cubes/MI_SpeedCube.uasset" 3
"../../../Engine/Content/EngineMaterials/T_Default_Material_Grid_N.uasset" 4
"../../../Engine/Content/EngineMaterials/T_Default_Material_Grid_M.uasset" 5
"../../../Engine/Content/Functions/Engine_MaterialFunctions01/Opacity/CameraDepthFade.uasset" 6
"../../../Engine/Content/EngineMaterials/WorldGridMaterial.uasset" 7
"../../../Engine/Content/ArtTools/RenderToTexture/Meshes/S_1_Unit_Plane.uasset" 8
"../../../Engine/Content/EngineMaterials/DefaultMaterial.uasset" 9
"../../../Engine/Content/BasicShapes/Cone.uasset" 10
"../../../Engine/Content/BasicShapes/Plane.uasset" 11
"../../../Engine/Content/BasicShapes/Sphere.uasset" 12
"../../../Engine/Content/EditorLandscapeResources/DataLayer.uasset" 13
"../../../Engine/Content/EditorLandscapeResources/DefaultAlphaTexture.uasset" 14
"../../../Engine/Content/EditorMaterials/MAT_Groups_Toggle.uasset" 15
"../../../Engine/Content/EditorMaterials/MAT_Groups_Visibility.uasset" 16
"../../../Engine/Content/EditorMaterials/PreviewShadowIndicator.uasset" 17
"../../../Engine/Content/EditorMaterials/PreviewShadowIndicatorMaterial.uasset" 18
"../../../Engine/Content/EditorMaterials/MatineeGroups/MAT_ColorTrack.uasset" 19
"../../../Engine/Content/EditorMaterials/MatineeGroups/MAT_Groups_Anim.uasset" 20
"../../../Engine/Content/EditorMaterials/MatineeGroups/MAT_Groups_AudioMaster.uasset" 21
"../../../Engine/Content/EditorMaterials/MatineeGroups/MAT_Groups_Director.uasset" 22
"../../../Engine/Content/EditorMaterials/MatineeGroups/MAT_Groups_Event.uasset" 23
"../../../Engine/Content/EditorMaterials/MatineeGroups/MAT_Groups_Fade.uasset" 24
"../../../Engine/Content/EditorMaterials/MatineeGroups/MAT_Groups_Float.uasset" 25
"../../../Engine/Content/EditorMaterials/MatineeGroups/MAT_Groups_Move.uasset" 26
"../../../Engine/Content/EditorMaterials/MatineeGroups/MAT_Groups_Slomo.uasset" 27
"../../../Engine/Content/EditorMaterials/MatineeGroups/MAT_Groups_Sound.uasset" 28
"../../../Engine/Content/EditorMaterials/MatineeGroups/MAT_Groups_Vector.uasset" 29
"../../../Engine/Content/EditorMaterials/ParticleSystems/PSysThumbnail_NoImage.uasset" 30
"../../../Engine/Content/EditorMaterials/ParticleSystems/PSysThumbnail_OOD.uasset" 31
"../../../Engine/Content/EditorMaterials/Camera/CineMat.uasset" 32
"../../../Engine/Content/EditorMaterials/Camera/MI_CineMat_Rig.uasset" 33
"../../../Engine/Content/EditorMeshes/Camera/SM_CraneRig_Arm.uasset" 34
"../../../Engine/Content/EditorMeshes/Camera/SM_CraneRig_Base.uasset" 35
"../../../Engine/Content/EditorMeshes/Camera/SM_CraneRig_Body.uasset" 36
"../../../Engine/Content/EditorMeshes/Camera/SM_CraneRig_Mount.uasset" 37
"../../../Engine/Content/EditorMeshes/Camera/SM_RailRig_Mount.uasset" 38
"../../../Engine/Content/EditorMeshes/Camera/SM_RailRig_Track.uasset" 39
"../../../Engine/Content/EditorResources/BSPVertex.uasset" 40
"../../../Engine/Content/EditorResources/EmptyActor.uasset" 41
"../../../Engine/Content/EditorResources/S_Actor.uasset" 42
"../../../Engine/Content/EditorResources/S_Note.uasset" 43
"../../../Engine/Content/EditorResources/S_Solver.uasset" 44
"../../../Engine/Content/EditorResources/S_Terrain.uasset" 45
"../../../Engine/Content/EditorResources/S_Trigger.uasset" 46
"../../../Engine/Content/EditorResources/AudioIcons/S_AudioComponent.uasset" 47
"../../../Engine/Content/EditorResources/SequenceRecorder/Countdown.uasset" 48
"../../../Engine/Content/EditorResources/SequenceRecorder/RecordingIndicator.uasset" 49
"../../../Engine/Content/EngineDamageTypes/DmgTypeBP_Environmental.uasset" 50
"../../../Engine/Content/EngineDebugMaterials/DebugEditorMaterial.uasset" 51
"../../../Engine/Content/EngineDebugMaterials/DebugMeshMaterial.uasset" 52
"../../../Engine/Content/EngineDebugMaterials/M_SimpleUnlitTranslucent.uasset" 53
"../../../Engine/Content/EngineDebugMaterials/VolumeToRender.uasset" 54
"../../../Engine/Content/Functions/Engine_MaterialFunctions02/Utility/CameraDirectionVector.uasset" 55
"../../../Engine/Content/EngineDebugMaterials/M_VolumeRenderSphereTracePP.uasset" 56
"../../../Engine/Content/Functions/Engine_MaterialFunctions01/Shading/ConvertFromDiffSpec.uasset" 57
"../../../Engine/Content/EngineDebugMaterials/VertexColorMaterial.uasset" 58
"../../../Engine/Content/EngineDebugMaterials/WireframeMaterial.uasset" 59
"../../../Engine/Content/EngineFonts/Faces/RobotoRegular.uasset" 60
"../../../Engine/Content/EngineFonts/Faces/RobotoLight.uasset" 61
"../../../Engine/Content/EngineFonts/Faces/RobotoItalic.uasset" 62
"../../../Engine/Content/EngineFonts/Faces/RobotoBoldItalic.uasset" 63
"../../../Engine/Content/EngineFonts/Faces/RobotoBold.uasset" 64
"../../../Engine/Content/EngineFonts/Faces/DroidSansFallback.uasset" 65
"../../../Engine/Content/EngineFonts/Roboto.uasset" 66
"../../../Engine/Content/EngineMaterials/BaseFlattenNormalMap.uasset" 67
"../../../Engine/Content/EngineMaterials/BaseFlattenGrayscaleMap.uasset" 68
"../../../Engine/Content/EngineMaterials/BaseFlattenEmissiveMap.uasset" 69
"../../../Engine/Content/EngineMaterials/BaseFlattenDiffuseMap.uasset" 70
"../../../Engine/Content/EngineMaterials/BaseFlattenMaterial.uasset" 71
"../../../Engine/Content/EngineMaterials/BlueNoise.uasset" 72
"../../../Engine/Content/EngineMaterials/DefaultBloomKernel.uasset" 73
"../../../Engine/Content/EngineMaterials/DefaultBokeh.uasset" 74
"../../../Engine/Content/EngineMaterials/DefaultDiffuse.uasset" 75
"../../../Engine/Content/EngineMaterials/DefaultDeferredDecalMaterial.uasset" 76
"../../../Engine/Content/EngineMaterials/DefaultLightFunctionMaterial.uasset" 77
"../../../Engine/Content/EngineMaterials/DefaultPhysicalMaterial.uasset" 78
"../../../Engine/Content/Functions/Engine_MaterialFunctions02/Utility/BreakOutFloat2Components.uasset" 79
"../../../Engine/Content/EngineMaterials/DefaultPostProcessMaterial.uasset" 80
"../../../Engine/Content/EngineFonts/RobotoDistanceField.uasset" 81
"../../../Engine/Content/EngineMaterials/DefaultTextMaterialOpaque.uasset" 82
"../../../Engine/Content/EngineMaterials/DefaultWhiteGrid.uasset" 83
"../../../Engine/Content/EngineMaterials/DefaultWhiteGrid_Low.uasset" 84
"../../../Engine/Content/EngineMaterials/EmissiveMeshMaterial.uasset" 85
"../../../Engine/Content/EngineMaterials/GizmoMaterial.uasset" 86
"../../../Engine/Content/EngineMaterials/Good64x64TilingNoiseHighFreq.uasset" 87
"../../../Engine/Content/EngineMaterials/MiniFont.uasset" 88
"../../../Engine/Content/EngineMaterials/InvalidLightmapSettings.uasset" 89
"../../../Engine/Content/EngineMaterials/M_InvalidLightmapSettings.uasset" 90
"../../../Engine/Content/Functions/Engine_MaterialFunctions02/WorldPositionOffset/CameraOffset.uasset" 91
"../../../Engine/Content/EngineMaterials/PhAT_JointLimitMaterial.uasset" 92
"../../../Engine/Content/EngineMaterials/PreintegratedSkinBRDF.uasset" 93
"../../../Engine/Content/EngineMaterials/RemoveSurfaceMaterial.uasset" 94
"../../../Engine/Content/EngineMaterials/WeightMapPlaceholderTexture.uasset" 95
"../../../Engine/Content/EngineResources/WhiteSquareTexture.uasset" 96
"../../../Engine/Content/EngineMaterials/Widget3DPassThrough.uasset" 97
"../../../Engine/Content/EngineMaterials/Widget3DPassThrough_Masked.uasset" 98
"../../../Engine/Content/EngineMaterials/Widget3DPassThrough_Opaque.uasset" 99
"../../../Engine/Content/EngineMaterials/Widget3DPassThrough_Masked_OneSided.uasset" 100
"../../../Engine/Content/EngineMaterials/Widget3DPassThrough_Opaque_OneSided.uasset" 101
"../../../Engine/Content/EngineMaterials/Widget3DPassThrough_Translucent.uasset" 102
"../../../Engine/Content/EngineMaterials/Widget3DPassThrough_Translucent_OneSided.uasset" 103
"../../../Engine/Content/EngineMeshes/Cylinder.uasset" 104
"../../../Engine/Content/EngineMeshes/Sphere.uasset" 105
"../../../Engine/Content/EngineResources/Black.uasset" 106
"../../../Engine/Content/EngineResources/DefaultTextureCube.uasset" 107
"../../../Engine/Content/EngineResources/DefaultVolumeTexture2D.uasset" 108
"../../../Engine/Content/EngineResources/DefaultVolumeTexture.uasset" 109
"../../../Engine/Content/EngineResources/GradientTexture0.uasset" 110
"../../../Engine/Content/EngineSky/VolumetricClouds/T_NoiseShape64.uasset" 111
"../../../Engine/Content/EngineSky/VolumetricClouds/T_VolumeNoiseShape64.uasset" 112
"../../../Engine/Content/EngineSky/VolumetricClouds/T_NoiseErosion.uasset" 113
"../../../Engine/Content/EngineSky/VolumetricClouds/T_VolumeNoiseErosion32.uasset" 114
"../../../Engine/Content/EngineSky/VolumetricClouds/CloudWeatherTexture.uasset" 115
"../../../Engine/Content/EngineSky/VolumetricClouds/CloudGradientTexture.uasset" 116
"../../../Engine/Content/Functions/Engine_MaterialFunctions02/Utility/MakeFloat2.uasset" 117
"../../../Engine/Content/EngineSky/VolumetricClouds/m_SimpleVolumetricCloud.uasset" 118
"../../../Engine/Content/EngineSky/VolumetricClouds/m_SimpleVolumetricCloud_Inst.uasset" 119
"../../../Engine/Content/EngineSounds/Master.uasset" 120
"../../../Engine/Content/Functions/Engine_MaterialFunctions01/Shading/PowerToRoughness.uasset" 121
"../../../Engine/Content/Maps/Templates/Thumbnails/Default.uasset" 122
"../../../Engine/Content/Maps/Templates/Thumbnails/TimeOfDay.uasset" 123
"../../../Engine/Content/Maps/Templates/Thumbnails/VR-Basic.uasset" 124
"../../../Engine/Content/MobileResources/T_MobileControls_texture.uasset" 125
"../../../Engine/Content/MobileResources/T_MobileMenu2.uasset" 126
"../../../Engine/Content/MobileResources/HUD/AnalogHat.uasset" 127
"../../../Engine/Content/MobileResources/HUD/VirtualJoystick_Thumb.uasset" 128
"../../../Engine/Content/MobileResources/HUD/VirtualJoystick_Background.uasset" 129
"../../../Engine/Content/MobileResources/HUD/DefaultVirtualJoysticks.uasset" 130
"../../../Engine/Content/MobileResources/HUD/LeftVirtualJoystickOnly.uasset" 131
"../../../Engine/Content/MobileResources/HUD/MobileHUDButton1_off.uasset" 132
"../../../Engine/Content/MobileResources/HUD/MobileHUDButton1_on.uasset" 133
"../../../Engine/Content/MobileResources/HUD/MobileHUDButton2_off.uasset" 134
"../../../Engine/Content/MobileResources/HUD/MobileHUDButton2_on.uasset" 135
"../../../Engine/Content/MobileResources/HUD/MobileHUDButton3.uasset" 136
"../../../Engine/Content/MobileResources/HUD/MobileHUDButtonFire.uasset" 137
"../../../Engine/Content/MobileResources/HUD/MobileHUDDirectionPad.uasset" 138
"../../../Engine/Content/MobileResources/HUD/MobileHUDDirectionPad2.uasset" 139
"../../../Engine/Content/MobileResources/HUD/MobileHUDDirectionPad3.uasset" 140
"../../../Engine/Content/MobileResources/HUD/MobileHUDDirectionStick.uasset" 141
"../../../Engine/Content/MobileResources/HUD/T_Castle_ThumbstickInner.uasset" 142
"../../../Engine/Content/MobileResources/HUD/T_Castle_ThumbstickOutter.uasset" 143
"../../../Engine/Content/Tutorial/ContentIntroCurve.uasset" 144
"../../../Engine/Content/Tutorial/Basics/LevelEditorAttract.uasset" 145
"../../../Engine/Content/VREditor/TransformGizmo/TranslucentTransformGizmoMaterial.uasset" 146
"../../../Engine/Content/VREditor/LaserPointer/VR_LaserPower_01.uasset" 147
"../../../Engine/Content/VREditor/TransformGizmo/TransformGizmoMaterial.uasset" 148
"../../../Engine/Content/VREditor/TransformGizmo/BoundingBoxCorner.uasset" 149
"../../../Engine/Content/VREditor/TransformGizmo/BoundingBoxEdge.uasset" 150
"../../../Engine/Content/VREditor/TransformGizmo/PlaneTranslationHandle.uasset" 151
"../../../Engine/Content/VREditor/TransformGizmo/Xray.uasset" 152
"../../../Engine/Content/VREditor/TransformGizmo/Main.uasset" 153
"../../../Engine/Content/VREditor/TransformGizmo/SM_Sequencer_Key.uasset" 154
"../../../Engine/Content/VREditor/TransformGizmo/SM_Sequencer_Node.uasset" 155
"../../Plugins/2D/Paper2D/Content/PlaceholderTextures/DummySpriteTexture.uasset" 156
"../../Plugins/2D/Paper2D/Content/DummySprite.uasset" 157
"../../Plugins/2D/Paper2D/Content/DefaultPaperTerrainMaterial.uasset" 158
"../../Plugins/2D/Paper2D/Content/DefaultSpriteMaterial.uasset" 159
"../../Plugins/2D/Paper2D/Content/MaskedUnlitSpriteMaterial.uasset" 160
"../../Plugins/2D/Paper2D/Content/OpaqueUnlitSpriteMaterial.uasset" 161
"../../../Engine/Content/Functions/Engine_MaterialFunctions02/Utility/BreakOutFloat3Components.uasset" 162
"../../Plugins/Editor/SpeedTreeImporter/Content/SpeedTree9/UnpackInteger3.uasset" 163
"../../Plugins/Editor/SpeedTreeImporter/Content/SpeedTree9/UnpackDirection.uasset" 164
"../../Plugins/Editor/SpeedTreeImporter/Content/SpeedTree9/game_wind_noise.uasset" 165
"../../../Engine/Content/Functions/Engine_MaterialFunctions02/SafeNormalize.uasset" 166
"../../Plugins/Editor/SpeedTreeImporter/Content/SpeedTree9/SpeedTreeWindMotion.uasset" 167
"../../Plugins/Editor/SpeedTreeImporter/Content/SpeedTree9/SpeedTreeBranchMotion.uasset" 168
"../../../Engine/Content/Functions/Engine_MaterialFunctions02/ObjectLocalBounds.uasset" 169
"../../../Engine/Content/Functions/Engine_MaterialFunctions02/UVs/BoundingBoxBased_0-1_UVW.uasset" 170
"../../Plugins/Editor/SpeedTreeImporter/Content/SpeedTree9/SpeedTreeWind.uasset" 171
"../../Plugins/Editor/SpeedTreeImporter/Content/SpeedTree9/SpeedTreeBillboard.uasset" 172
"../../../Engine/Content/EngineResources/DefaultTexture.uasset" 173
"../../Plugins/Editor/SpeedTreeImporter/Content/SpeedTree9/SpeedTreeBillboardMaster.uasset" 174
"../../Plugins/Editor/SpeedTreeImporter/Content/SpeedTree9/SpeedTreeCameraFacing.uasset" 175
"../../Plugins/Editor/SpeedTreeImporter/Content/SpeedTree9/SpeedTreeMaster.uasset" 176
"../../../Engine/Content/BasicShapes/Cylinder.uasset" 177
"../../../Engine/Content/ArtTools/RenderToTexture/Materials/Debug/M_Emissive_Color.uasset" 178
"../../Plugins/Lumin/MagicLeapPassableWorld/Content/MagicLeapARPinInfoActor.uasset" 179
"../../../Engine/Content/Functions/Engine_MaterialFunctions02/Utility/BreakOutFloat4Components.uasset" 180
"../../../Engine/Content/Functions/Engine_MaterialFunctions02/Utility/MakeFloat3.uasset" 181
"../../Plugins/Runtime/Oculus/OculusVR/Content/Materials/OculusMR_ChromaKey.uasset" 182
"../../Plugins/Runtime/Oculus/OculusVR/Content/Materials/OculusMR_OpaqueColoredMaterial.uasset" 183
"../../Plugins/Runtime/Oculus/OculusVR/Content/Materials/PokeAHoleMaterial.uasset" 184
"G:/EpicGamesLibrary/Unreal Projects/Game/Content/Sounds/Music/Melody_11.uasset" 185
"G:/EpicGamesLibrary/Unreal Projects/Game/Content/Sounds/Music/Melody_10.uasset" 186
"G:/EpicGamesLibrary/Unreal Projects/Game/Content/Sounds/Music/Melody_09.uasset" 187
"G:/EpicGamesLibrary/Unreal Projects/Game/Content/Sounds/Music/Melody_08.uasset" 188
"G:/EpicGamesLibrary/Unreal Projects/Game/Content/Sounds/Music/Melody_07.uasset" 189
"G:/EpicGamesLibrary/Unreal Projects/Game/Content/Sounds/Music/Melody_06.uasset" 190
"G:/EpicGamesLibrary/Unreal Projects/Game/Content/Sounds/Music/Melody_05.uasset" 191
"G:/EpicGamesLibrary/Unreal Projects/Game/Content/Sounds/Music/Melody_04.uasset" 192
"G:/EpicGamesLibrary/Unreal Projects/Game/Content/Sounds/Music/Melody_03.uasset" 193
"G:/EpicGamesLibrary/Unreal Projects/Game/Content/Sounds/Music/Melody_02.uasset" 194
"G:/EpicGamesLibrary/Unreal Projects/Game/Content/Sounds/Music/Melody_01.uasset" 195
"G:/EpicGamesLibrary/Unreal Projects/Game/Content/Sounds/SC_FX.uasset" 196
"G:/EpicGamesLibrary/Unreal Projects/Game/Content/Sounds/SC_Master.uasset" 197
"G:/EpicGamesLibrary/Unreal Projects/Game/Content/Sounds/SC_Music.uasset" 198
"G:/EpicGamesLibrary/Unreal Projects/Game/Content/Sounds/Music/melodies.uasset" 199
"G:/EpicGamesLibrary/Unreal Projects/Game/Content/Maps/Game_BuiltData.uasset" 200
"G:/EpicGamesLibrary/Unreal Projects/Game/Content/Sounds/Music/Synesthesia/SynesthesiaNRT_Settings_Medium.uasset" 201
"G:/EpicGamesLibrary/Unreal Projects/Game/Content/Sounds/Music/Synesthesia/MediumFrequency/SynesthesiaNRT_Medium_Melody_11.uasset" 202
"G:/EpicGamesLibrary/Unreal Projects/Game/Content/Sounds/Music/Synesthesia/MediumFrequency/SynesthesiaNRT_Medium_Melody_10.uasset" 203
"G:/EpicGamesLibrary/Unreal Projects/Game/Content/Sounds/Music/Synesthesia/MediumFrequency/SynesthesiaNRT_Medium_Melody_09.uasset" 204
"G:/EpicGamesLibrary/Unreal Projects/Game/Content/Sounds/Music/Synesthesia/MediumFrequency/SynesthesiaNRT_Medium_Melody_08.uasset" 205
"G:/EpicGamesLibrary/Unreal Projects/Game/Content/Sounds/Music/Synesthesia/MediumFrequency/SynesthesiaNRT_Medium_Melody_07.uasset" 206
"G:/EpicGamesLibrary/Unreal Projects/Game/Content/Sounds/Music/Synesthesia/MediumFrequency/SynesthesiaNRT_Medium_Melody_06.uasset" 207
"G:/EpicGamesLibrary/Unreal Projects/Game/Content/Sounds/Music/Synesthesia/MediumFrequency/SynesthesiaNRT_Medium_Melody_05.uasset" 208
"G:/EpicGamesLibrary/Unreal Projects/Game/Content/Sounds/Music/Synesthesia/MediumFrequency/SynesthesiaNRT_Medium_Melody_04.uasset" 209
"G:/EpicGamesLibrary/Unreal Projects/Game/Content/Sounds/Music/Synesthesia/MediumFrequency/SynesthesiaNRT_Medium_Melody_03.uasset" 210
"G:/EpicGamesLibrary/Unreal Projects/Game/Content/Sounds/Music/Synesthesia/MediumFrequency/SynesthesiaNRT_Medium_Melody_02.uasset" 211
"G:/EpicGamesLibrary/Unreal Projects/Game/Content/Sounds/Music/Synesthesia/MediumFrequency/SynesthesiaNRT_Medium_Melody_01.uasset" 212
"G:/EpicGamesLibrary/Unreal Projects/Game/Content/Sounds/Music/Synesthesia/SynesthesiaNRT_Settings_Low.uasset" 213
"G:/EpicGamesLibrary/Unreal Projects/Game/Content/Sounds/Music/Synesthesia/LowFrequency/SynesthesiaNRT_Low_Melody_11.uasset" 214
"G:/EpicGamesLibrary/Unreal Projects/Game/Content/Sounds/Music/Synesthesia/LowFrequency/SynesthesiaNRT_Low_Melody_10.uasset" 215
"G:/EpicGamesLibrary/Unreal Projects/Game/Content/Sounds/Music/Synesthesia/LowFrequency/SynesthesiaNRT_Low_Melody_09.uasset" 216
"G:/EpicGamesLibrary/Unreal Projects/Game/Content/Sounds/Music/Synesthesia/LowFrequency/SynesthesiaNRT_Low_Melody_08.uasset" 217
"G:/EpicGamesLibrary/Unreal Projects/Game/Content/Sounds/Music/Synesthesia/LowFrequency/SynesthesiaNRT_Low_Melody_07.uasset" 218
"G:/EpicGamesLibrary/Unreal Projects/Game/Content/Sounds/Music/Synesthesia/LowFrequency/SynesthesiaNRT_Low_Melody_06.uasset" 219
"G:/EpicGamesLibrary/Unreal Projects/Game/Content/Sounds/Music/Synesthesia/LowFrequency/SynesthesiaNRT_Low_Melody_05.uasset" 220
"G:/EpicGamesLibrary/Unreal Projects/Game/Content/Sounds/Music/Synesthesia/LowFrequency/SynesthesiaNRT_Low_Melody_04.uasset" 221
"G:/EpicGamesLibrary/Unreal Projects/Game/Content/Sounds/Music/Synesthesia/LowFrequency/SynesthesiaNRT_Low_Melody_03.uasset" 222
"G:/EpicGamesLibrary/Unreal Projects/Game/Content/Sounds/Music/Synesthesia/LowFrequency/SynesthesiaNRT_Low_Melody_01.uasset" 223
"G:/EpicGamesLibrary/Unreal Projects/Game/Content/Sounds/Music/Synesthesia/SynesthesiaNRT_Settings_High.uasset" 224
"G:/EpicGamesLibrary/Unreal Projects/Game/Content/Sounds/Music/Synesthesia/HighFrequency/SynesthesiaNRT_High_Melody_11.uasset" 225
"G:/EpicGamesLibrary/Unreal Projects/Game/Content/Sounds/Music/Synesthesia/HighFrequency/SynesthesiaNRT_High_Melody_10.uasset" 226
"G:/EpicGamesLibrary/Unreal Projects/Game/Content/Sounds/Music/Synesthesia/HighFrequency/SynesthesiaNRT_High_Melody_09.uasset" 227
"G:/EpicGamesLibrary/Unreal Projects/Game/Content/Sounds/Music/Synesthesia/HighFrequency/SynesthesiaNRT_High_Melody_08.uasset" 228
"G:/EpicGamesLibrary/Unreal Projects/Game/Content/Sounds/Music/Synesthesia/HighFrequency/SynesthesiaNRT_High_Melody_07.uasset" 229
"G:/EpicGamesLibrary/Unreal Projects/Game/Content/Sounds/Music/Synesthesia/HighFrequency/SynesthesiaNRT_High_Melody_06.uasset" 230
"G:/EpicGamesLibrary/Unreal Projects/Game/Content/Sounds/Music/Synesthesia/HighFrequency/SynesthesiaNRT_High_Melody_05.uasset" 231
"G:/EpicGamesLibrary/Unreal Projects/Game/Content/Sounds/Music/Synesthesia/HighFrequency/SynesthesiaNRT_High_Melody_04.uasset" 232
"G:/EpicGamesLibrary/Unreal Projects/Game/Content/Sounds/Music/Synesthesia/HighFrequency/SynesthesiaNRT_High_Melody_03.uasset" 233
"G:/EpicGamesLibrary/Unreal Projects/Game/Content/Sounds/Music/Synesthesia/HighFrequency/SynesthesiaNRT_High_Melody_02.uasset" 234
"G:/EpicGamesLibrary/Unreal Projects/Game/Content/Sounds/Music/Synesthesia/HighFrequency/SynesthesiaNRT_High_Melody_01.uasset" 235
"G:/EpicGamesLibrary/Unreal Projects/Game/Content/Sounds/Music/GameOver.uasset" 236
"G:/EpicGamesLibrary/Unreal Projects/Game/Content/Sounds/Music/GameOver_Cue.uasset" 237
"../../../Engine/Content/EditorBlueprintResources/StandardMacros.uasset" 238
"G:/EpicGamesLibrary/Unreal Projects/Game/Content/Gameplay/Player/Components/BPC_TimeScoreSpeed.uasset" 239
"G:/EpicGamesLibrary/Unreal Projects/Game/Content/Materials/MPC_Field.uasset" 240
"G:/EpicGamesLibrary/Unreal Projects/Game/Content/Gameplay/Cubes/Bonuses/Emun_Bonuses.uasset" 241
"G:/EpicGamesLibrary/Unreal Projects/Game/Content/Gameplay/Player/Components/BPC_Bonus.uasset" 242
"G:/EpicGamesLibrary/Unreal Projects/Game/Content/Sounds/GetCubes/PowerUp.uasset" 243
"G:/EpicGamesLibrary/Unreal Projects/Game/Content/Sounds/GetCubes/PowerUp_Cue.uasset" 244
"G:/EpicGamesLibrary/Unreal Projects/Game/Content/Sounds/GetCubes/GoodCube.uasset" 245
"G:/EpicGamesLibrary/Unreal Projects/Game/Content/Sounds/GetCubes/GoodCube_Cue.uasset" 246
"G:/EpicGamesLibrary/Unreal Projects/Game/Content/Materials/PlayerGetCubes/MI_PlayerGetScoreCube.uasset" 247
"../../../Engine/Content/Functions/Engine_MaterialFunctions01/Gradient/LinearGradient.uasset" 248
"G:/EpicGamesLibrary/Unreal Projects/Game/Content/Materials/PlayerGetCubes/M_PlayerGetPowerUp.uasset" 249
"G:/EpicGamesLibrary/Unreal Projects/Game/Content/Materials/PlayerGetCubes/MI_PlayerGetPowerUp.uasset" 250
"G:/EpicGamesLibrary/Unreal Projects/Game/Content/Materials/PlayerGetCubes/MI_PlayerGetBonusCube.uasset" 251
"G:/EpicGamesLibrary/Unreal Projects/Game/Content/Materials/PlayerGetCubes/MI_PlayerGetBadCube.uasset" 252
"G:/EpicGamesLibrary/Unreal Projects/Game/Content/Materials/PlayerGetCubes/MI_PayerGetGoodCube.uasset" 253
"G:/EpicGamesLibrary/Unreal Projects/Game/Content/Materials/PlayerGetCubes/MI_PyaerGetTimeCube.uasset" 254
"G:/EpicGamesLibrary/Unreal Projects/Game/Content/Gameplay/Cubes/Bonuses/Curve_ShieldBonus_DisappearanceScale.uasset" 255
"G:/EpicGamesLibrary/Unreal Projects/Game/Content/Gameplay/Cubes/Bonuses/Curve_ShieldBonus_AppearanceScale.uasset" 256
"G:/EpicGamesLibrary/Unreal Projects/Game/Content/Sounds/Bonuses/DestroyingCube.uasset" 257
"G:/EpicGamesLibrary/Unreal Projects/Game/Content/Sounds/Bonuses/DestroyingCube_Cue.uasset" 258
"G:/EpicGamesLibrary/Unreal Projects/Game/Content/Base/Blueprints/S_Skin.uasset" 259
"G:/EpicGamesLibrary/Unreal Projects/Game/Content/Base/Blueprints/Enum_SynesthesiaFrequency.uasset" 260
"G:/EpicGamesLibrary/Unreal Projects/Game/Content/Materials/PlayerGetCubes/MI_PyaerGetSpeedCube.uasset" 261
"G:/EpicGamesLibrary/Unreal Projects/Game/Content/Materials/Neon/PowerUp/MPC_PowerUp.uasset" 262
"G:/EpicGamesLibrary/Unreal Projects/Game/Content/Materials/Neon/MF_Base_Neon.uasset" 263
"G:/EpicGamesLibrary/Unreal Projects/Game/Content/Materials/Neon/PowerUp/M_PowerUp.uasset" 264
"G:/EpicGamesLibrary/Unreal Projects/Game/Content/Materials/Neon/PowerUp/MI_PowerUp.uasset" 265
"G:/EpicGamesLibrary/Unreal Projects/Game/Content/Materials/Classic/Player/MI_Player.uasset" 266
"G:/EpicGamesLibrary/Unreal Projects/Game/Content/Materials/Classic/Cubes/MI_TimeCube.uasset" 267
"G:/EpicGamesLibrary/Unreal Projects/Game/Content/Materials/Classic/Cubes/MI_ScoreCub.uasset" 268
"G:/EpicGamesLibrary/Unreal Projects/Game/Content/Base/Blueprints/Enum_Difficulty.uasset" 269
"G:/EpicGamesLibrary/Unreal Projects/Game/Content/Base/Blueprints/Enum_Skins.uasset" 270
"G:/EpicGamesLibrary/Unreal Projects/Game/Content/Base/Blueprints/Enum_AspectsRatios.uasset" 271
"G:/EpicGamesLibrary/Unreal Projects/Game/Content/Materials/Neon/Field/M_Field_Neon.uasset" 272
"G:/EpicGamesLibrary/Unreal Projects/Game/Content/Materials/Neon/Field/MI_Field_Neon.uasset" 273
"G:/EpicGamesLibrary/Unreal Projects/Game/Content/Materials/Neon/Field/MI_InfoPanel_Neon.uasset" 274
"G:/EpicGamesLibrary/Unreal Projects/Game/Content/Materials/Classic/Cubes/MI_BonusCube.uasset" 275
"G:/EpicGamesLibrary/Unreal Projects/Game/Content/Saves/BP_SaveGameSettings.uasset" 276
"G:/EpicGamesLibrary/Unreal Projects/Game/Content/Materials/Bonuses/MI_MissileBonus.uasset" 277
"G:/EpicGamesLibrary/Unreal Projects/Game/Content/Materials/M_Master_Transparent.uasset" 278
"G:/EpicGamesLibrary/Unreal Projects/Game/Content/Materials/Bonuses/MI_ShieldBonus.uasset" 279
"G:/EpicGamesLibrary/Unreal Projects/Game/Content/Materials/Classic/Cubes/MI_GoodCube.uasset" 280
"G:/EpicGamesLibrary/Unreal Projects/Game/Content/Materials/Classic/Cubes/MI_BadCube.uasset" 281
"G:/EpicGamesLibrary/Unreal Projects/Game/Content/Materials/Bonuses/MI_BombBonus.uasset" 282
"../../../Engine/Content/Functions/Engine_MaterialFunctions02/Utility/VectorLength.uasset" 283
"../../../Engine/Content/Functions/Engine_MaterialFunctions02/WorldPositionOffset/ObjectScale.uasset" 284
"G:/EpicGamesLibrary/Unreal Projects/Game/Content/Materials/MF_Scale.uasset" 285
"G:/EpicGamesLibrary/Unreal Projects/Game/Content/Materials/Classic/Background/M_BackgroundCube.uasset" 286
"G:/EpicGamesLibrary/Unreal Projects/Game/Content/Materials/Classic/Background/MI_BackgroundCube.uasset" 287
"G:/EpicGamesLibrary/Unreal Projects/Game/Content/Materials/Classic/Field/M_Field.uasset" 288
"G:/EpicGamesLibrary/Unreal Projects/Game/Content/Materials/Classic/Field/MI_Field.uasset" 289
"G:/EpicGamesLibrary/Unreal Projects/Game/Content/Materials/Neon/Background/M_Background_Neon.uasset" 290
"G:/EpicGamesLibrary/Unreal Projects/Game/Content/Materials/Neon/Background/MI_BackgroundGame_Neon.uasset" 291
"G:/EpicGamesLibrary/Unreal Projects/Game/Content/Materials/Neon/Background/MI_BackgroundMenu_Neon.uasset" 292
"G:/EpicGamesLibrary/Unreal Projects/Game/Content/Materials/Neon/M_Maseter_Neon.uasset" 293
"G:/EpicGamesLibrary/Unreal Projects/Game/Content/Materials/Neon/Cubes/MI_BadCube_Neon.uasset" 294
"G:/EpicGamesLibrary/Unreal Projects/Game/Content/Materials/Neon/Cubes/MI_BonusCube_Neon.uasset" 295
"G:/EpicGamesLibrary/Unreal Projects/Game/Content/Materials/Neon/Cubes/MI_ScoreCube_Neon.uasset" 296
"G:/EpicGamesLibrary/Unreal Projects/Game/Content/Materials/Neon/Cubes/MI_SpeedCube_Neon.uasset" 297
"G:/EpicGamesLibrary/Unreal Projects/Game/Content/Materials/Neon/Cubes/MI_TimeCube_Neon.uasset" 298
"G:/EpicGamesLibrary/Unreal Projects/Game/Content/Materials/Neon/Player/MI_Player_Neon.uasset" 299
"G:/EpicGamesLibrary/Unreal Projects/Game/Content/Saves/BP_SaveGraphicsSettings.uasset" 300
"G:/EpicGamesLibrary/Unreal Projects/Game/Content/Saves/S_SoundSettings.uasset" 301
"G:/EpicGamesLibrary/Unreal Projects/Game/Content/Saves/BP_SaveSoundSettings.uasset" 302
"G:/EpicGamesLibrary/Unreal Projects/Game/Content/Sounds/SoundMix_Base.uasset" 303
"G:/EpicGamesLibrary/Unreal Projects/Game/Content/Materials/Neon/Cubes/MI_GoodCube_Neon.uasset" 304
"G:/EpicGamesLibrary/Unreal Projects/Game/Content/Base/Blueprints/BP_Gameinstance.uasset" 305
"../../../Engine/Content/BasicShapes/Cube.uasset" 306
"G:/EpicGamesLibrary/Unreal Projects/Game/Content/Gameplay/Cubes/Curve_CubesAppearanceScale.uasset" 307
"G:/EpicGamesLibrary/Unreal Projects/Game/Content/Gameplay/Cubes/Curve_CubesDisappearanceScale.uasset" 308
"G:/EpicGamesLibrary/Unreal Projects/Game/Content/Gameplay/Cubes/BP_Cube_Base.uasset" 309
"G:/EpicGamesLibrary/Unreal Projects/Game/Content/Gameplay/Cubes/Enum_CubesTypes.uasset" 310
"G:/EpicGamesLibrary/Unreal Projects/Game/Content/Gameplay/Cubes/BP_UI_MultipyCube.uasset" 311
"G:/EpicGamesLibrary/Unreal Projects/Game/Content/Materials/Neon/PowerUp/Curve_PowerUp.uasset" 312
"G:/EpicGamesLibrary/Unreal Projects/Game/Content/Gameplay/Cubes/BP_SpawningCube.uasset" 313
"G:/EpicGamesLibrary/Unreal Projects/Game/Content/Gameplay/Cubes/BP_UI_BonusCube.uasset" 314
"G:/EpicGamesLibrary/Unreal Projects/Game/Content/Gameplay/Cubes/Bonuses/BP_BonusCube_Base.uasset" 315
"G:/EpicGamesLibrary/Unreal Projects/Game/Content/Sounds/Bonuses/ShieldBonus.uasset" 316
"G:/EpicGamesLibrary/Unreal Projects/Game/Content/Sounds/Bonuses/ShieldBonus_Cue.uasset" 317
"G:/EpicGamesLibrary/Unreal Projects/Game/Content/Gameplay/Cubes/Bonuses/BP_BonusCube_Shield.uasset" 318
"G:/EpicGamesLibrary/Unreal Projects/Game/Content/Sounds/Bonuses/MissileBonus.uasset" 319
"G:/EpicGamesLibrary/Unreal Projects/Game/Content/Sounds/Bonuses/MissileBonus_Cue.uasset" 320
"G:/EpicGamesLibrary/Unreal Projects/Game/Content/Gameplay/Cubes/Bonuses/BP_BonusCube_Missile.uasset" 321
"G:/EpicGamesLibrary/Unreal Projects/Game/Content/Base/Blueprints/Enum_Focus.uasset" 322
"G:/EpicGamesLibrary/Unreal Projects/Game/Content/Fonts/Font_8bitFace.uasset" 323
"G:/EpicGamesLibrary/Unreal Projects/Game/Content/Fonts/Font_8bit.uasset" 324
"G:/EpicGamesLibrary/Unreal Projects/Game/Content/Sounds/UI/UI_Click.uasset" 325
"G:/EpicGamesLibrary/Unreal Projects/Game/Content/Sounds/UI/UI_Click_Cue.uasset" 326
"G:/EpicGamesLibrary/Unreal Projects/Game/Content/Sounds/UI/UI_Hover.uasset" 327
"G:/EpicGamesLibrary/Unreal Projects/Game/Content/Sounds/UI/UI_Hover_Cue.uasset" 328
"G:/EpicGamesLibrary/Unreal Projects/Game/Content/UI/W_Button.uasset" 329
"G:/EpicGamesLibrary/Unreal Projects/Game/Content/UI/W_MenuText.uasset" 330
"G:/EpicGamesLibrary/Unreal Projects/Game/Content/UI/Menu/W_OptionsMenu.uasset" 331
"G:/EpicGamesLibrary/Unreal Projects/Game/Content/Base/Blueprints/BP_HUD_Base.uasset" 332
"G:/EpicGamesLibrary/Unreal Projects/Game/Content/UI/Menu/W_GameOverMenu.uasset" 333
"G:/EpicGamesLibrary/Unreal Projects/Game/Content/UI/Menu/W_DifficultyMenu.uasset" 334
"G:/EpicGamesLibrary/Unreal Projects/Game/Content/UI/Menu/W_MainMenu.uasset" 335
"G:/EpicGamesLibrary/Unreal Projects/Game/Content/UI/BP_HUD_MainMenu.uasset" 336
"G:/EpicGamesLibrary/Unreal Projects/Game/Content/UI/Menu/W_PauseMenu.uasset" 337
"G:/EpicGamesLibrary/Unreal Projects/Game/Content/UI/W_LowTime.uasset" 338
"G:/EpicGamesLibrary/Unreal Projects/Game/Content/UI/W_HUD.uasset" 339
"G:/EpicGamesLibrary/Unreal Projects/Game/Content/UI/BP_HUD_Game.uasset" 340
"G:/EpicGamesLibrary/Unreal Projects/Game/Content/Base/Blueprints/BP_PlayerController.uasset" 341
"G:/EpicGamesLibrary/Unreal Projects/Game/Content/Materials/Widget/M_Widget3DPassThrough.uasset" 342
"G:/EpicGamesLibrary/Unreal Projects/Game/Content/Materials/Widget/MI_Widget3DPassThrough.uasset" 343
"G:/EpicGamesLibrary/Unreal Projects/Game/Content/Sounds/Bonuses/BombBonus.uasset" 344
"G:/EpicGamesLibrary/Unreal Projects/Game/Content/Sounds/Bonuses/BombBonus_Cue.uasset" 345
"G:/EpicGamesLibrary/Unreal Projects/Game/Content/Gameplay/Cubes/Bonuses/Curve_BombBonus_AppearanceScale.uasset" 346
"G:/EpicGamesLibrary/Unreal Projects/Game/Content/Gameplay/Cubes/Bonuses/Curve_BombBonus_DisappearanceScale.uasset" 347
"G:/EpicGamesLibrary/Unreal Projects/Game/Content/Gameplay/Cubes/Bonuses/BP_BonusCube_Bomb.uasset" 348
"G:/EpicGamesLibrary/Unreal Projects/Game/Content/Sounds/GetCubes/ScoreCube.uasset" 349
"G:/EpicGamesLibrary/Unreal Projects/Game/Content/Sounds/GetCubes/ScoreCube_Cue.uasset" 350
"G:/EpicGamesLibrary/Unreal Projects/Game/Content/Sounds/GetCubes/SpeedCube.uasset" 351
"G:/EpicGamesLibrary/Unreal Projects/Game/Content/Sounds/GetCubes/SpeedCube_Cue.uasset" 352
"G:/EpicGamesLibrary/Unreal Projects/Game/Content/Sounds/GetCubes/TimeCube.uasset" 353
"G:/EpicGamesLibrary/Unreal Projects/Game/Content/Sounds/GetCubes/TimeCube_Cue.uasset" 354
"G:/EpicGamesLibrary/Unreal Projects/Game/Content/Sounds/UI/OutOfPosition/OutOfPosition.uasset" 355
"G:/EpicGamesLibrary/Unreal Projects/Game/Content/Sounds/UI/OutOfPosition/OutOfPosition_Cue.uasset" 356
"G:/EpicGamesLibrary/Unreal Projects/Game/Content/UI/W_ScoreInGame.uasset" 357
"G:/EpicGamesLibrary/Unreal Projects/Game/Content/Sounds/GetCubes/BadCube.uasset" 358
"G:/EpicGamesLibrary/Unreal Projects/Game/Content/Sounds/GetCubes/BadCube_Cue.uasset" 359
"G:/EpicGamesLibrary/Unreal Projects/Game/Content/Sounds/GetCubes/BonusCube.uasset" 360
"G:/EpicGamesLibrary/Unreal Projects/Game/Content/Sounds/GetCubes/BonusCube_Cue.uasset" 361
"G:/EpicGamesLibrary/Unreal Projects/Game/Content/Gameplay/Player/BP_MainMenuCamera.uasset" 362
"G:/EpicGamesLibrary/Unreal Projects/Game/Content/Gameplay/Player/BP_Player.uasset" 363
"G:/EpicGamesLibrary/Unreal Projects/Game/Content/Gameplay/BP_GarbageCollector.uasset" 364
"G:/EpicGamesLibrary/Unreal Projects/Game/Content/Sounds/Music/Synesthesia/LowFrequency/SynesthesiaNRT_Low_Melody_02.uasset" 365
"G:/EpicGamesLibrary/Unreal Projects/Game/Content/UI/W_InfoText.uasset" 366
"G:/EpicGamesLibrary/Unreal Projects/Game/Content/UI/W_Info.uasset" 367
"G:/EpicGamesLibrary/Unreal Projects/Game/Content/Gameplay/BP_Field.uasset" 368
"G:/EpicGamesLibrary/Unreal Projects/Game/Content/Base/Blueprints/BP_GameMode_Game.uasset" 369
"G:/EpicGamesLibrary/Unreal Projects/Game/Content/Gameplay/BP_Game.uasset" 370
"G:/EpicGamesLibrary/Unreal Projects/Game/Content/Gameplay/S_Synesthesia.uasset" 371
"G:/EpicGamesLibrary/Unreal Projects/Game/Content/Gameplay/Cubes/Background_Cubes/BP_BackgroundCube.uasset" 372
"G:/EpicGamesLibrary/Unreal Projects/Game/Content/Gameplay/BP_Background.uasset" 373
"G:/EpicGamesLibrary/Unreal Projects/Game/Content/Maps/Game.umap" 374
"G:/EpicGamesLibrary/Unreal Projects/Game/Content/Sounds/Music/MenuMusic.uasset" 375
"G:/EpicGamesLibrary/Unreal Projects/Game/Content/Sounds/Music/MenuMusic_Cue.uasset" 376
"G:/EpicGamesLibrary/Unreal Projects/Game/Content/Maps/MainMenu_BuiltData.uasset" 377
"G:/EpicGamesLibrary/Unreal Projects/Game/Content/Sounds/Music/Synesthesia/MediumFrequency/SynesthesiaNRT_Medium_MenuMusic.uasset" 378
"G:/EpicGamesLibrary/Unreal Projects/Game/Content/Sounds/Music/Synesthesia/LowFrequency/SynesthesiaNRT_Low_MenuMusic.uasset" 379
"G:/EpicGamesLibrary/Unreal Projects/Game/Content/Sounds/Music/Synesthesia/HighFrequency/SynesthesiaNRT_High_MenuMusic.uasset" 380
"G:/EpicGamesLibrary/Unreal Projects/Game/Content/Base/Blueprints/BP_GameMode_MainMenu.uasset" 381
"G:/EpicGamesLibrary/Unreal Projects/Game/Content/Maps/MainMenu.umap" 382
"../../../Engine/Content/Maps/Entry_BuiltData.uasset" 383
"../../../Engine/Content/Maps/Entry.umap" 384
